2022-06-13 19:38:06 INFO  MLog clients using slf4j logging.
2022-06-13 19:38:06 DEBUG Reading VM config for path list /com/mchange/v2/log/default-mchange-log.properties, /mchange-commons.properties, /c3p0.properties, hocon:/reference,/application,/c3p0,/, /mchange-log.properties, /
2022-06-13 19:38:06 DEBUG The configuration file for resource identifier '/mchange-commons.properties' could not be found. Skipping.
2022-06-13 19:38:06 DEBUG The configuration file for resource identifier '/c3p0.properties' could not be found. Skipping.
2022-06-13 19:38:06 DEBUG The configuration file for resource identifier 'hocon:/reference,/application,/c3p0,/' could not be found. Skipping.
2022-06-13 19:38:06 DEBUG The configuration file for resource identifier '/mchange-log.properties' could not be found. Skipping.
2022-06-13 19:38:06 DEBUG The configuration file for resource identifier '/mchange-commons.properties' could not be found. Skipping.
2022-06-13 19:38:06 DEBUG The configuration file for resource identifier '/mchange-log.properties' could not be found. Skipping.
2022-06-13 19:38:06 DEBUG The configuration file for resource identifier 'hocon:/reference,/application,/c3p0,/' could not be found. Skipping.
2022-06-13 19:38:06 DEBUG The configuration file for resource identifier '/c3p0.properties' could not be found. Skipping.
2022-06-13 19:38:06 INFO  Initializing c3p0-0.9.5.1 [built 16-June-2015 00:06:36 -0700; debug? true; trace: 10]
2022-06-13 19:38:06 DEBUG MBean: com.mchange.v2.c3p0:type=PooledDataSource,identityToken=194c9raapptnvy3cb3kcv|44821a96,name=194c9raapptnvy3cb3kcv|44821a96 registered.
2022-06-13 19:38:06 DEBUG MBean: com.mchange.v2.c3p0:type=PooledDataSource,identityToken=194c9raapptnvy3cb3kcv|44821a96,name=194c9raapptnvy3cb3kcv|44821a96 unregistered, in order to be reregistered after update.
2022-06-13 19:38:06 DEBUG MBean: com.mchange.v2.c3p0:type=PooledDataSource,identityToken=194c9raapptnvy3cb3kcv|44821a96,name=194c9raapptnvy3cb3kcv|44821a96 registered.
2022-06-13 19:38:06 INFO  Initializing c3p0 pool... com.mchange.v2.c3p0.ComboPooledDataSource [ acquireIncrement -> 5, acquireRetryAttempts -> 30, acquireRetryDelay -> 1000, autoCommitOnClose -> false, automaticTestTable -> null, breakAfterAcquireFailure -> false, checkoutTimeout -> 0, connectionCustomizerClassName -> null, connectionTesterClassName -> com.mchange.v2.c3p0.impl.DefaultConnectionTester, contextClassLoaderSource -> caller, dataSourceName -> 194c9raapptnvy3cb3kcv|44821a96, debugUnreturnedConnectionStackTraces -> false, description -> null, driverClass -> null, extensions -> {}, factoryClassLocation -> null, forceIgnoreUnresolvedTransactions -> false, forceSynchronousCheckins -> false, forceUseNamedDriverClass -> false, identityToken -> 194c9raapptnvy3cb3kcv|44821a96, idleConnectionTestPeriod -> 0, initialPoolSize -> 5, jdbcUrl -> jdbc:mysql://localhost:3306/detective, maxAdministrativeTaskTime -> 0, maxConnectionAge -> 0, maxIdleTime -> 0, maxIdleTimeExcessConnections -> 0, maxPoolSize -> 20, maxStatements -> 100, maxStatementsPerConnection -> 0, minPoolSize -> 3, numHelperThreads -> 3, preferredTestQuery -> null, privilegeSpawnedThreads -> false, properties -> {password=******, user=******}, propertyCycle -> 0, statementCacheNumDeferredCloseThreads -> 0, testConnectionOnCheckin -> false, testConnectionOnCheckout -> false, unreturnedConnectionTimeout -> 0, userOverrides -> {}, usesTraditionalReflectiveProxies -> false ]
2022-06-13 19:38:06 DEBUG The configuration file for resource identifier '/mchange-commons.properties' could not be found. Skipping.
2022-06-13 19:38:06 DEBUG The configuration file for resource identifier '/mchange-log.properties' could not be found. Skipping.
2022-06-13 19:38:06 DEBUG The configuration file for resource identifier '/c3p0.properties' could not be found. Skipping.
2022-06-13 19:38:06 DEBUG The configuration file for resource identifier 'hocon:/reference,/application,/c3p0,/' could not be found. Skipping.
2022-06-13 19:38:06 DEBUG com.mchange.v2.resourcepool.BasicResourcePool@1787bc24 config: [start -> 5; min -> 3; max -> 20; inc -> 5; num_acq_attempts -> 30; acq_attempt_delay -> 1000; check_idle_resources_delay -> 0; max_resource_age -> 0; max_idle_time -> 0; excess_max_idle_time -> 0; destroy_unreturned_resc_time -> 0; expiration_enforcement_delay -> 0; break_on_acquisition_failure -> false; debug_store_checkout_exceptions -> false; force_synchronous_checkins -> false]
2022-06-13 19:38:06 DEBUG Created new pool for auth, username (masked): 'ro******'.
2022-06-13 19:38:06 DEBUG acquire test -- pool size: 0; target_pool_size: 5; desired target? 1
2022-06-13 19:38:06 DEBUG awaitAvailable(): [unknown]
2022-06-13 19:38:07 DEBUG MBean: com.mchange.v2.c3p0:type=PooledDataSource,identityToken=194c9raapptnvy3cb3kcv|14008db3,name=194c9raapptnvy3cb3kcv|14008db3 registered.
2022-06-13 19:38:07 DEBUG MBean: com.mchange.v2.c3p0:type=PooledDataSource,identityToken=194c9raapptnvy3cb3kcv|14008db3,name=194c9raapptnvy3cb3kcv|14008db3 unregistered, in order to be reregistered after update.
2022-06-13 19:38:07 DEBUG MBean: com.mchange.v2.c3p0:type=PooledDataSource,identityToken=194c9raapptnvy3cb3kcv|14008db3,name=194c9raapptnvy3cb3kcv|14008db3 registered.
2022-06-13 19:38:07 INFO  Initializing c3p0 pool... com.mchange.v2.c3p0.ComboPooledDataSource [ acquireIncrement -> 5, acquireRetryAttempts -> 30, acquireRetryDelay -> 1000, autoCommitOnClose -> false, automaticTestTable -> null, breakAfterAcquireFailure -> false, checkoutTimeout -> 0, connectionCustomizerClassName -> null, connectionTesterClassName -> com.mchange.v2.c3p0.impl.DefaultConnectionTester, contextClassLoaderSource -> caller, dataSourceName -> 194c9raapptnvy3cb3kcv|14008db3, debugUnreturnedConnectionStackTraces -> false, description -> null, driverClass -> null, extensions -> {}, factoryClassLocation -> null, forceIgnoreUnresolvedTransactions -> false, forceSynchronousCheckins -> false, forceUseNamedDriverClass -> false, identityToken -> 194c9raapptnvy3cb3kcv|14008db3, idleConnectionTestPeriod -> 0, initialPoolSize -> 5, jdbcUrl -> jdbc:mysql://localhost:3306/detective, maxAdministrativeTaskTime -> 0, maxConnectionAge -> 0, maxIdleTime -> 0, maxIdleTimeExcessConnections -> 0, maxPoolSize -> 20, maxStatements -> 100, maxStatementsPerConnection -> 0, minPoolSize -> 3, numHelperThreads -> 3, preferredTestQuery -> null, privilegeSpawnedThreads -> false, properties -> {password=******, user=******}, propertyCycle -> 0, statementCacheNumDeferredCloseThreads -> 0, testConnectionOnCheckin -> false, testConnectionOnCheckout -> false, unreturnedConnectionTimeout -> 0, userOverrides -> {}, usesTraditionalReflectiveProxies -> false ]
2022-06-13 19:38:07 DEBUG com.mchange.v2.resourcepool.BasicResourcePool@6e15fe2 config: [start -> 5; min -> 3; max -> 20; inc -> 5; num_acq_attempts -> 30; acq_attempt_delay -> 1000; check_idle_resources_delay -> 0; max_resource_age -> 0; max_idle_time -> 0; excess_max_idle_time -> 0; destroy_unreturned_resc_time -> 0; expiration_enforcement_delay -> 0; break_on_acquisition_failure -> false; debug_store_checkout_exceptions -> false; force_synchronous_checkins -> false]
2022-06-13 19:38:07 DEBUG Created new pool for auth, username (masked): 'ro******'.
2022-06-13 19:38:07 DEBUG acquire test -- pool size: 0; target_pool_size: 5; desired target? 1
2022-06-13 19:38:07 DEBUG awaitAvailable(): [unknown]
